# JRE version: Java(TM) SE Runtime Environment (8.0_211-b12) (build 1.8.0_211-b12)
# Java VM: Java HotSpot(TM) 64-Bit Server VM (25.211-b12 mixed mode windows-amd64 compressed oops)
Heap:
 PSYoungGen      total 112640K, used 61285K [0x00000000f5580000, 0x0000000100000000, 0x0000000100000000)
  eden space 65024K, 21% used [0x00000000f5580000,0x00000000f633dbb0,0x00000000f9500000)
  from space 47616K, 99% used [0x00000000f9500000,0x00000000fc31bab0,0x00000000fc380000)
  to   space 57856K, 0% used [0x00000000fc780000,0x00000000fc780000,0x0000000100000000)
 ParOldGen       total 349696K, used 237189K [0x00000000e0000000, 0x00000000f5580000, 0x00000000f5580000)
  object space 349696K, 67% used [0x00000000e0000000,0x00000000ee7a17f0,0x00000000f5580000)
 Metaspace       used 111468K, capacity 117984K, committed 118272K, reserved 1153024K
  class space    used 13876K, capacity 15287K, committed 15360K, reserved 1048576K
GC Heap History (10 events):
Event: 14132.222 GC heap before
{Heap before GC invocations=137 (full 7):
 PSYoungGen      total 116736K, used 86974K [0x00000000f5580000, 0x00000000ff300000, 0x0000000100000000)
  eden space 77312K, 100% used [0x00000000f5580000,0x00000000fa100000,0x00000000fa100000)
  from space 39424K, 24% used [0x00000000fcc80000,0x00000000fd5efb78,0x00000000ff300000)
  to   space 41984K, 0% used [0x00000000fa100000,0x00000000fa100000,0x00000000fca00000)
 ParOldGen       total 349696K, used 233333K [0x00000000e0000000, 0x00000000f5580000, 0x00000000f5580000)
  object space 349696K, 66% used [0x00000000e0000000,0x00000000ee3dd7d0,0x00000000f5580000)
 Metaspace       used 111270K, capacity 117644K, committed 117760K, reserved 1150976K
  class space    used 13860K, capacity 15269K, committed 15360K, reserved 1048576K
Event: 14132.244 GC heap after
Heap after GC invocations=137 (full 7):
 PSYoungGen      total 119296K, used 16920K [0x00000000f5580000, 0x00000000ff280000, 0x0000000100000000)
  eden space 77312K, 0% used [0x00000000f5580000,0x00000000f5580000,0x00000000fa100000)
  from space 41984K, 40% used [0x00000000fa100000,0x00000000fb186170,0x00000000fca00000)
  to   space 39936K, 0% used [0x00000000fcb80000,0x00000000fcb80000,0x00000000ff280000)
 ParOldGen       total 349696K, used 233333K [0x00000000e0000000, 0x00000000f5580000, 0x00000000f5580000)
  object space 349696K, 66% used [0x00000000e0000000,0x00000000ee3dd7d0,0x00000000f5580000)
 Metaspace       used 111270K, capacity 117644K, committed 117760K, reserved 1150976K
  class space    used 13860K, capacity 15269K, committed 15360K, reserved 1048576K
}
Event: 14132.941 GC heap before
{Heap before GC invocations=138 (full 7):
 PSYoungGen      total 119296K, used 94232K [0x00000000f5580000, 0x00000000ff280000, 0x0000000100000000)
  eden space 77312K, 100% used [0x00000000f5580000,0x00000000fa100000,0x00000000fa100000)
  from space 41984K, 40% used [0x00000000fa100000,0x00000000fb186170,0x00000000fca00000)
  to   space 39936K, 0% used [0x00000000fcb80000,0x00000000fcb80000,0x00000000ff280000)
 ParOldGen       total 349696K, used 233333K [0x00000000e0000000, 0x00000000f5580000, 0x00000000f5580000)
  object space 349696K, 66% used [0x00000000e0000000,0x00000000ee3dd7d0,0x00000000f5580000)
 Metaspace       used 111382K, capacity 117878K, committed 118016K, reserved 1153024K
  class space    used 13870K, capacity 15282K, committed 15360K, reserved 1048576K
Event: 14132.963 GC heap after
Heap after GC invocations=138 (full 7):
 PSYoungGen      total 119296K, used 26751K [0x00000000f5580000, 0x00000000ff600000, 0x0000000100000000)
  eden space 79360K, 0% used [0x00000000f5580000,0x00000000f5580000,0x00000000fa300000)
  from space 39936K, 66% used [0x00000000fcb80000,0x00000000fe59fda8,0x00000000ff280000)
  to   space 41472K, 0% used [0x00000000fa300000,0x00000000fa300000,0x00000000fcb80000)
 ParOldGen       total 349696K, used 233341K [0x00000000e0000000, 0x00000000f5580000, 0x00000000f5580000)
  object space 349696K, 66% used [0x00000000e0000000,0x00000000ee3df7d0,0x00000000f5580000)
 Metaspace       used 111382K, capacity 117878K, committed 118016K, reserved 1153024K
  class space    used 13870K, capacity 15282K, committed 15360K, reserved 1048576K
}
Event: 14133.308 GC heap before
{Heap before GC invocations=139 (full 7):
 PSYoungGen      total 119296K, used 106111K [0x00000000f5580000, 0x00000000ff600000, 0x0000000100000000)
  eden space 79360K, 100% used [0x00000000f5580000,0x00000000fa300000,0x00000000fa300000)
  from space 39936K, 66% used [0x00000000fcb80000,0x00000000fe59fda8,0x00000000ff280000)
  to   space 41472K, 0% used [0x00000000fa300000,0x00000000fa300000,0x00000000fcb80000)
 ParOldGen       total 349696K, used 233341K [0x00000000e0000000, 0x00000000f5580000, 0x00000000f5580000)
  object space 349696K, 66% used [0x00000000e0000000,0x00000000ee3df7d0,0x00000000f5580000)
 Metaspace       used 111432K, capacity 117968K, committed 118272K, reserved 1153024K
  class space    used 13872K, capacity 15285K, committed 15360K, reserved 1048576K
Event: 14133.364 GC heap after
Heap after GC invocations=139 (full 7):
 PSYoungGen      total 120832K, used 41442K [0x00000000f5580000, 0x0000000100000000, 0x0000000100000000)
  eden space 79360K, 0% used [0x00000000f5580000,0x00000000f5580000,0x00000000fa300000)
  from space 41472K, 99% used [0x00000000fa300000,0x00000000fcb78890,0x00000000fcb80000)
  to   space 49152K, 0% used [0x00000000fd000000,0x00000000fd000000,0x0000000100000000)
 ParOldGen       total 349696K, used 235085K [0x00000000e0000000, 0x00000000f5580000, 0x00000000f5580000)
  object space 349696K, 67% used [0x00000000e0000000,0x00000000ee5937d0,0x00000000f5580000)
 Metaspace       used 111432K, capacity 117968K, committed 118272K, reserved 1153024K
  class space    used 13872K, capacity 15285K, committed 15360K, reserved 1048576K
}
Event: 14134.796 GC heap before
{Heap before GC invocations=140 (full 7):
 PSYoungGen      total 120832K, used 120802K [0x00000000f5580000, 0x0000000100000000, 0x0000000100000000)
  eden space 79360K, 100% used [0x00000000f5580000,0x00000000fa300000,0x00000000fa300000)
  from space 41472K, 99% used [0x00000000fa300000,0x00000000fcb78890,0x00000000fcb80000)
  to   space 49152K, 0% used [0x00000000fd000000,0x00000000fd000000,0x0000000100000000)
 ParOldGen       total 349696K, used 235085K [0x00000000e0000000, 0x00000000f5580000, 0x00000000f5580000)
  object space 349696K, 67% used [0x00000000e0000000,0x00000000ee5937d0,0x00000000f5580000)
 Metaspace       used 111449K, capacity 117984K, committed 118272K, reserved 1153024K
  class space    used 13873K, capacity 15287K, committed 15360K, reserved 1048576K
Event: 14134.835 GC heap after
Heap after GC invocations=140 (full 7):
 PSYoungGen      total 114176K, used 42027K [0x00000000f5580000, 0x0000000100000000, 0x0000000100000000)
  eden space 65024K, 0% used [0x00000000f5580000,0x00000000f5580000,0x00000000f9500000)
  from space 49152K, 85% used [0x00000000fd000000,0x00000000ff90aca0,0x0000000100000000)
  to   space 54784K, 0% used [0x00000000f9500000,0x00000000f9500000,0x00000000fca80000)
 ParOldGen       total 349696K, used 237189K [0x00000000e0000000, 0x00000000f5580000, 0x00000000f5580000)
  object space 349696K, 67% used [0x00000000e0000000,0x00000000ee7a17f0,0x00000000f5580000)
 Metaspace       used 111449K, capacity 117984K, committed 118272K, reserved 1153024K
  class space    used 13873K, capacity 15287K, committed 15360K, reserved 1048576K
}
Event: 14136.848 GC heap before
{Heap before GC invocations=141 (full 7):
 PSYoungGen      total 114176K, used 107051K [0x00000000f5580000, 0x0000000100000000, 0x0000000100000000)
  eden space 65024K, 100% used [0x00000000f5580000,0x00000000f9500000,0x00000000f9500000)
  from space 49152K, 85% used [0x00000000fd000000,0x00000000ff90aca0,0x0000000100000000)
  to   space 54784K, 0% used [0x00000000f9500000,0x00000000f9500000,0x00000000fca80000)
 ParOldGen       total 349696K, used 237189K [0x00000000e0000000, 0x00000000f5580000, 0x00000000f5580000)
  object space 349696K, 67% used [0x00000000e0000000,0x00000000ee7a17f0,0x00000000f5580000)
 Metaspace       used 111449K, capacity 117984K, committed 118272K, reserved 1153024K
  class space    used 13873K, capacity 15287K, committed 15360K, reserved 1048576K
Event: 14136.888 GC heap after
Heap after GC invocations=141 (full 7):
 PSYoungGen      total 112640K, used 47214K [0x00000000f5580000, 0x0000000100000000, 0x0000000100000000)
  eden space 65024K, 0% used [0x00000000f5580000,0x00000000f5580000,0x00000000f9500000)
  from space 47616K, 99% used [0x00000000f9500000,0x00000000fc31bab0,0x00000000fc380000)
  to   space 57856K, 0% used [0x00000000fc780000,0x00000000fc780000,0x0000000100000000)
 ParOldGen       total 349696K, used 237189K [0x00000000e0000000, 0x00000000f5580000, 0x00000000f5580000)
  object space 349696K, 67% used [0x00000000e0000000,0x00000000ee7a17f0,0x00000000f5580000)
 Metaspace       used 111449K, capacity 117984K, committed 118272K, reserved 1153024K
  class space    used 13873K, capacity 15287K, committed 15360K, reserved 1048576K
}

